<?xml version="1.0" encoding="UTF-8"?>
<testng-results ignored="0" total="1" passed="1" failed="0" skipped="0">
  <reporter-output>
  </reporter-output>
  <suite started-at="2024-04-11T21:11:47 IST" name="Default suite" finished-at="2024-04-11T21:11:47 IST" duration-ms="59">
    <groups>
    </groups>
    <test started-at="2024-04-11T21:11:47 IST" name="Default test" finished-at="2024-04-11T21:11:47 IST" duration-ms="59">
      <class name="runner.login">
        <test-method signature="add()[pri:0, instance:runner.login@53f0a4cb]" started-at="2024-04-11T21:11:47 IST" name="add" finished-at="2024-04-11T21:11:47 IST" duration-ms="22" status="PASS">
          <reporter-output>
          </reporter-output>
        </test-method> <!-- add -->
      </class> <!-- runner.login -->
    </test> <!-- Default test -->
  </suite> <!-- Default suite -->
</testng-results>
