<?xml version="1.0" encoding="UTF-8"?>
<testng-results ignored="0" total="1" passed="1" failed="0" skipped="0">
  <reporter-output>
  </reporter-output>
  <suite started-at="2024-03-30T09:40:51 IST" name="Default suite" finished-at="2024-03-30T09:41:01 IST" duration-ms="10169">
    <groups>
    </groups>
    <test started-at="2024-03-30T09:40:51 IST" name="Default test" finished-at="2024-03-30T09:41:01 IST" duration-ms="10169">
      <class name="runner.login_runner">
        <test-method signature="opening_browser()[pri:0, instance:runner.login_runner@359f7cdf]" started-at="2024-03-30T09:40:51 IST" name="opening_browser" finished-at="2024-03-30T09:41:01 IST" duration-ms="10116" status="PASS">
          <reporter-output>
          </reporter-output>
        </test-method> <!-- opening_browser -->
      </class> <!-- runner.login_runner -->
    </test> <!-- Default test -->
  </suite> <!-- Default suite -->
</testng-results>
